[2017-11-22 19:47:58] local.ERROR: SQLSTATE[HY000]: General error: 1215 Cannot add foreign key constraint (SQL: alter table `replies` add constraint `replies_user_id_foreign` foreign key (`user_id`) references `users` (`id`)) {"exception":"[object] (Illuminate\\Database\\QueryException(code: HY000): SQLSTATE[HY000]: General error: 1215 Cannot add foreign key constraint (SQL: alter table `replies` add constraint `replies_user_id_foreign` foreign key (`user_id`) references `users` (`id`)) at C:\\_VERTRIGO_247\\www\\AppForumRealTime\\vendor\\laravel\\framework\\src\\Illuminate\\Database\\Connection.php:664, PDOException(code: HY000): SQLSTATE[HY000]: General error: 1215 Cannot add foreign key constraint at C:\\_VERTRIGO_247\\www\\AppForumRealTime\\vendor\\laravel\\framework\\src\\Illuminate\\Database\\Connection.php:458)
[stacktrace]
#0 C:\\_VERTRIGO_247\\www\\AppForumRealTime\\vendor\\laravel\\framework\\src\\Illuminate\\Database\\Connection.php(624): Illuminate\\Database\\Connection->runQueryCallback('alter table `re...', Array, Object(Closure))
#1 C:\\_VERTRIGO_247\\www\\AppForumRealTime\\vendor\\laravel\\framework\\src\\Illuminate\\Database\\Connection.php(459): Illuminate\\Database\\Connection->run('alter table `re...', Array, Object(Closure))
#2 C:\\_VERTRIGO_247\\www\\AppForumRealTime\\vendor\\laravel\\framework\\src\\Illuminate\\Database\\Schema\\Blueprint.php(86): Illuminate\\Database\\Connection->statement('alter table `re...')
#3 C:\\_VERTRIGO_247\\www\\AppForumRealTime\\vendor\\laravel\\framework\\src\\Illuminate\\Database\\Schema\\Builder.php(252): Illuminate\\Database\\Schema\\Blueprint->build(Object(Illuminate\\Database\\MySqlConnection), Object(Illuminate\\Database\\Schema\\Grammars\\MySqlGrammar))
#4 C:\\_VERTRIGO_247\\www\\AppForumRealTime\\vendor\\laravel\\framework\\src\\Illuminate\\Database\\Schema\\Builder.php(165): Illuminate\\Database\\Schema\\Builder->build(Object(Illuminate\\Database\\Schema\\Blueprint))
#5 C:\\_VERTRIGO_247\\www\\AppForumRealTime\\vendor\\laravel\\framework\\src\\Illuminate\\Support\\Facades\\Facade.php(221): Illuminate\\Database\\Schema\\Builder->create('replies', Object(Closure))
#6 C:\\_VERTRIGO_247\\www\\AppForumRealTime\\database\\migrations\\2017_11_22_193147_create_replies_table.php(24): Illuminate\\Support\\Facades\\Facade::__callStatic('create', Array)
#7 C:\\_VERTRIGO_247\\www\\AppForumRealTime\\vendor\\laravel\\framework\\src\\Illuminate\\Database\\Migrations\\Migrator.php(359): CreateRepliesTable->up()
#8 C:\\_VERTRIGO_247\\www\\AppForumRealTime\\vendor\\laravel\\framework\\src\\Illuminate\\Database\\Migrations\\Migrator.php(365): Illuminate\\Database\\Migrations\\Migrator->Illuminate\\Database\\Migrations\\{closure}()
#9 C:\\_VERTRIGO_247\\www\\AppForumRealTime\\vendor\\laravel\\framework\\src\\Illuminate\\Database\\Migrations\\Migrator.php(177): Illuminate\\Database\\Migrations\\Migrator->runMigration(Object(CreateRepliesTable), 'up')
#10 C:\\_VERTRIGO_247\\www\\AppForumRealTime\\vendor\\laravel\\framework\\src\\Illuminate\\Database\\Migrations\\Migrator.php(146): Illuminate\\Database\\Migrations\\Migrator->runUp('C:\\\\_VERTRIGO_24...', 1, false)
#11 C:\\_VERTRIGO_247\\www\\AppForumRealTime\\vendor\\laravel\\framework\\src\\Illuminate\\Database\\Migrations\\Migrator.php(95): Illuminate\\Database\\Migrations\\Migrator->runPending(Array, Array)
#12 C:\\_VERTRIGO_247\\www\\AppForumRealTime\\vendor\\laravel\\framework\\src\\Illuminate\\Database\\Console\\Migrations\\MigrateCommand.php(69): Illuminate\\Database\\Migrations\\Migrator->run(Array, Array)
#13 [internal function]: Illuminate\\Database\\Console\\Migrations\\MigrateCommand->handle()
#14 C:\\_VERTRIGO_247\\www\\AppForumRealTime\\vendor\\laravel\\framework\\src\\Illuminate\\Container\\BoundMethod.php(29): call_user_func_array(Array, Array)
#15 C:\\_VERTRIGO_247\\www\\AppForumRealTime\\vendor\\laravel\\framework\\src\\Illuminate\\Container\\BoundMethod.php(87): Illuminate\\Container\\BoundMethod::Illuminate\\Container\\{closure}()
#16 C:\\_VERTRIGO_247\\www\\AppForumRealTime\\vendor\\laravel\\framework\\src\\Illuminate\\Container\\BoundMethod.php(31): Illuminate\\Container\\BoundMethod::callBoundMethod(Object(Illuminate\\Foundation\\Application), Array, Object(Closure))
#17 C:\\_VERTRIGO_247\\www\\AppForumRealTime\\vendor\\laravel\\framework\\src\\Illuminate\\Container\\Container.php(549): Illuminate\\Container\\BoundMethod::call(Object(Illuminate\\Foundation\\Application), Array, Array, NULL)
#18 C:\\_VERTRIGO_247\\www\\AppForumRealTime\\vendor\\laravel\\framework\\src\\Illuminate\\Console\\Command.php(180): Illuminate\\Container\\Container->call(Array)
#19 C:\\_VERTRIGO_247\\www\\AppForumRealTime\\vendor\\symfony\\console\\Command\\Command.php(240): Illuminate\\Console\\Command->execute(Object(Symfony\\Component\\Console\\Input\\ArrayInput), Object(Illuminate\\Console\\OutputStyle))
#20 C:\\_VERTRIGO_247\\www\\AppForumRealTime\\vendor\\laravel\\framework\\src\\Illuminate\\Console\\Command.php(167): Symfony\\Component\\Console\\Command\\Command->run(Object(Symfony\\Component\\Console\\Input\\ArrayInput), Object(Illuminate\\Console\\OutputStyle))
#21 C:\\_VERTRIGO_247\\www\\AppForumRealTime\\vendor\\laravel\\framework\\src\\Illuminate\\Console\\Command.php(195): Illuminate\\Console\\Command->run(Object(Symfony\\Component\\Console\\Input\\ArrayInput), Object(Illuminate\\Console\\OutputStyle))
#22 C:\\_VERTRIGO_247\\www\\AppForumRealTime\\vendor\\laravel\\framework\\src\\Illuminate\\Database\\Console\\Migrations\\RefreshCommand.php(64): Illuminate\\Console\\Command->call('migrate', Array)
#23 [internal function]: Illuminate\\Database\\Console\\Migrations\\RefreshCommand->handle()
#24 C:\\_VERTRIGO_247\\www\\AppForumRealTime\\vendor\\laravel\\framework\\src\\Illuminate\\Container\\BoundMethod.php(29): call_user_func_array(Array, Array)
#25 C:\\_VERTRIGO_247\\www\\AppForumRealTime\\vendor\\laravel\\framework\\src\\Illuminate\\Container\\BoundMethod.php(87): Illuminate\\Container\\BoundMethod::Illuminate\\Container\\{closure}()
#26 C:\\_VERTRIGO_247\\www\\AppForumRealTime\\vendor\\laravel\\framework\\src\\Illuminate\\Container\\BoundMethod.php(31): Illuminate\\Container\\BoundMethod::callBoundMethod(Object(Illuminate\\Foundation\\Application), Array, Object(Closure))
#27 C:\\_VERTRIGO_247\\www\\AppForumRealTime\\vendor\\laravel\\framework\\src\\Illuminate\\Container\\Container.php(549): Illuminate\\Container\\BoundMethod::call(Object(Illuminate\\Foundation\\Application), Array, Array, NULL)
#28 C:\\_VERTRIGO_247\\www\\AppForumRealTime\\vendor\\laravel\\framework\\src\\Illuminate\\Console\\Command.php(180): Illuminate\\Container\\Container->call(Array)
#29 C:\\_VERTRIGO_247\\www\\AppForumRealTime\\vendor\\symfony\\console\\Command\\Command.php(240): Illuminate\\Console\\Command->execute(Object(Symfony\\Component\\Console\\Input\\ArgvInput), Object(Illuminate\\Console\\OutputStyle))
#30 C:\\_VERTRIGO_247\\www\\AppForumRealTime\\vendor\\laravel\\framework\\src\\Illuminate\\Console\\Command.php(167): Symfony\\Component\\Console\\Command\\Command->run(Object(Symfony\\Component\\Console\\Input\\ArgvInput), Object(Illuminate\\Console\\OutputStyle))
#31 C:\\_VERTRIGO_247\\www\\AppForumRealTime\\vendor\\symfony\\console\\Application.php(858): Illuminate\\Console\\Command->run(Object(Symfony\\Component\\Console\\Input\\ArgvInput), Object(Symfony\\Component\\Console\\Output\\ConsoleOutput))
#32 C:\\_VERTRIGO_247\\www\\AppForumRealTime\\vendor\\symfony\\console\\Application.php(216): Symfony\\Component\\Console\\Application->doRunCommand(Object(Illuminate\\Database\\Console\\Migrations\\RefreshCommand), Object(Symfony\\Component\\Console\\Input\\ArgvInput), Object(Symfony\\Component\\Console\\Output\\ConsoleOutput))
#33 C:\\_VERTRIGO_247\\www\\AppForumRealTime\\vendor\\symfony\\console\\Application.php(122): Symfony\\Component\\Console\\Application->doRun(Object(Symfony\\Component\\Console\\Input\\ArgvInput), Object(Symfony\\Component\\Console\\Output\\ConsoleOutput))
#34 C:\\_VERTRIGO_247\\www\\AppForumRealTime\\vendor\\laravel\\framework\\src\\Illuminate\\Console\\Application.php(88): Symfony\\Component\\Console\\Application->run(Object(Symfony\\Component\\Console\\Input\\ArgvInput), Object(Symfony\\Component\\Console\\Output\\ConsoleOutput))
#35 C:\\_VERTRIGO_247\\www\\AppForumRealTime\\vendor\\laravel\\framework\\src\\Illuminate\\Foundation\\Console\\Kernel.php(121): Illuminate\\Console\\Application->run(Object(Symfony\\Component\\Console\\Input\\ArgvInput), Object(Symfony\\Component\\Console\\Output\\ConsoleOutput))
#36 C:\\_VERTRIGO_247\\www\\AppForumRealTime\\artisan(37): Illuminate\\Foundation\\Console\\Kernel->handle(Object(Symfony\\Component\\Console\\Input\\ArgvInput), Object(Symfony\\Component\\Console\\Output\\ConsoleOutput))
#37 {main}
"} 
[2017-11-22 19:49:08] local.ERROR: SQLSTATE[42S01]: Base table or view already exists: 1050 Table 'replies' already exists (SQL: create table `replies` (`id` bigint unsigned not null auto_increment primary key, `body` text not null, `thread_id` bigint unsigned not null, `user_id` int unsigned not null, `created_at` timestamp null, `updated_at` timestamp null) default character set utf8mb4 collate utf8mb4_unicode_ci) {"exception":"[object] (Illuminate\\Database\\QueryException(code: 42S01): SQLSTATE[42S01]: Base table or view already exists: 1050 Table 'replies' already exists (SQL: create table `replies` (`id` bigint unsigned not null auto_increment primary key, `body` text not null, `thread_id` bigint unsigned not null, `user_id` int unsigned not null, `created_at` timestamp null, `updated_at` timestamp null) default character set utf8mb4 collate utf8mb4_unicode_ci) at C:\\_VERTRIGO_247\\www\\AppForumRealTime\\vendor\\laravel\\framework\\src\\Illuminate\\Database\\Connection.php:664, PDOException(code: 42S01): SQLSTATE[42S01]: Base table or view already exists: 1050 Table 'replies' already exists at C:\\_VERTRIGO_247\\www\\AppForumRealTime\\vendor\\laravel\\framework\\src\\Illuminate\\Database\\Connection.php:458)
[stacktrace]
#0 C:\\_VERTRIGO_247\\www\\AppForumRealTime\\vendor\\laravel\\framework\\src\\Illuminate\\Database\\Connection.php(624): Illuminate\\Database\\Connection->runQueryCallback('create table `r...', Array, Object(Closure))
#1 C:\\_VERTRIGO_247\\www\\AppForumRealTime\\vendor\\laravel\\framework\\src\\Illuminate\\Database\\Connection.php(459): Illuminate\\Database\\Connection->run('create table `r...', Array, Object(Closure))
#2 C:\\_VERTRIGO_247\\www\\AppForumRealTime\\vendor\\laravel\\framework\\src\\Illuminate\\Database\\Schema\\Blueprint.php(86): Illuminate\\Database\\Connection->statement('create table `r...')
#3 C:\\_VERTRIGO_247\\www\\AppForumRealTime\\vendor\\laravel\\framework\\src\\Illuminate\\Database\\Schema\\Builder.php(252): Illuminate\\Database\\Schema\\Blueprint->build(Object(Illuminate\\Database\\MySqlConnection), Object(Illuminate\\Database\\Schema\\Grammars\\MySqlGrammar))
#4 C:\\_VERTRIGO_247\\www\\AppForumRealTime\\vendor\\laravel\\framework\\src\\Illuminate\\Database\\Schema\\Builder.php(165): Illuminate\\Database\\Schema\\Builder->build(Object(Illuminate\\Database\\Schema\\Blueprint))
#5 C:\\_VERTRIGO_247\\www\\AppForumRealTime\\vendor\\laravel\\framework\\src\\Illuminate\\Support\\Facades\\Facade.php(221): Illuminate\\Database\\Schema\\Builder->create('replies', Object(Closure))
#6 C:\\_VERTRIGO_247\\www\\AppForumRealTime\\database\\migrations\\2017_11_22_193147_create_replies_table.php(24): Illuminate\\Support\\Facades\\Facade::__callStatic('create', Array)
#7 C:\\_VERTRIGO_247\\www\\AppForumRealTime\\vendor\\laravel\\framework\\src\\Illuminate\\Database\\Migrations\\Migrator.php(359): CreateRepliesTable->up()
#8 C:\\_VERTRIGO_247\\www\\AppForumRealTime\\vendor\\laravel\\framework\\src\\Illuminate\\Database\\Migrations\\Migrator.php(365): Illuminate\\Database\\Migrations\\Migrator->Illuminate\\Database\\Migrations\\{closure}()
#9 C:\\_VERTRIGO_247\\www\\AppForumRealTime\\vendor\\laravel\\framework\\src\\Illuminate\\Database\\Migrations\\Migrator.php(177): Illuminate\\Database\\Migrations\\Migrator->runMigration(Object(CreateRepliesTable), 'up')
#10 C:\\_VERTRIGO_247\\www\\AppForumRealTime\\vendor\\laravel\\framework\\src\\Illuminate\\Database\\Migrations\\Migrator.php(146): Illuminate\\Database\\Migrations\\Migrator->runUp('C:\\\\_VERTRIGO_24...', 1, false)
#11 C:\\_VERTRIGO_247\\www\\AppForumRealTime\\vendor\\laravel\\framework\\src\\Illuminate\\Database\\Migrations\\Migrator.php(95): Illuminate\\Database\\Migrations\\Migrator->runPending(Array, Array)
#12 C:\\_VERTRIGO_247\\www\\AppForumRealTime\\vendor\\laravel\\framework\\src\\Illuminate\\Database\\Console\\Migrations\\MigrateCommand.php(69): Illuminate\\Database\\Migrations\\Migrator->run(Array, Array)
#13 [internal function]: Illuminate\\Database\\Console\\Migrations\\MigrateCommand->handle()
#14 C:\\_VERTRIGO_247\\www\\AppForumRealTime\\vendor\\laravel\\framework\\src\\Illuminate\\Container\\BoundMethod.php(29): call_user_func_array(Array, Array)
#15 C:\\_VERTRIGO_247\\www\\AppForumRealTime\\vendor\\laravel\\framework\\src\\Illuminate\\Container\\BoundMethod.php(87): Illuminate\\Container\\BoundMethod::Illuminate\\Container\\{closure}()
#16 C:\\_VERTRIGO_247\\www\\AppForumRealTime\\vendor\\laravel\\framework\\src\\Illuminate\\Container\\BoundMethod.php(31): Illuminate\\Container\\BoundMethod::callBoundMethod(Object(Illuminate\\Foundation\\Application), Array, Object(Closure))
#17 C:\\_VERTRIGO_247\\www\\AppForumRealTime\\vendor\\laravel\\framework\\src\\Illuminate\\Container\\Container.php(549): Illuminate\\Container\\BoundMethod::call(Object(Illuminate\\Foundation\\Application), Array, Array, NULL)
#18 C:\\_VERTRIGO_247\\www\\AppForumRealTime\\vendor\\laravel\\framework\\src\\Illuminate\\Console\\Command.php(180): Illuminate\\Container\\Container->call(Array)
#19 C:\\_VERTRIGO_247\\www\\AppForumRealTime\\vendor\\symfony\\console\\Command\\Command.php(240): Illuminate\\Console\\Command->execute(Object(Symfony\\Component\\Console\\Input\\ArrayInput), Object(Illuminate\\Console\\OutputStyle))
#20 C:\\_VERTRIGO_247\\www\\AppForumRealTime\\vendor\\laravel\\framework\\src\\Illuminate\\Console\\Command.php(167): Symfony\\Component\\Console\\Command\\Command->run(Object(Symfony\\Component\\Console\\Input\\ArrayInput), Object(Illuminate\\Console\\OutputStyle))
#21 C:\\_VERTRIGO_247\\www\\AppForumRealTime\\vendor\\laravel\\framework\\src\\Illuminate\\Console\\Command.php(195): Illuminate\\Console\\Command->run(Object(Symfony\\Component\\Console\\Input\\ArrayInput), Object(Illuminate\\Console\\OutputStyle))
#22 C:\\_VERTRIGO_247\\www\\AppForumRealTime\\vendor\\laravel\\framework\\src\\Illuminate\\Database\\Console\\Migrations\\RefreshCommand.php(64): Illuminate\\Console\\Command->call('migrate', Array)
#23 [internal function]: Illuminate\\Database\\Console\\Migrations\\RefreshCommand->handle()
#24 C:\\_VERTRIGO_247\\www\\AppForumRealTime\\vendor\\laravel\\framework\\src\\Illuminate\\Container\\BoundMethod.php(29): call_user_func_array(Array, Array)
#25 C:\\_VERTRIGO_247\\www\\AppForumRealTime\\vendor\\laravel\\framework\\src\\Illuminate\\Container\\BoundMethod.php(87): Illuminate\\Container\\BoundMethod::Illuminate\\Container\\{closure}()
#26 C:\\_VERTRIGO_247\\www\\AppForumRealTime\\vendor\\laravel\\framework\\src\\Illuminate\\Container\\BoundMethod.php(31): Illuminate\\Container\\BoundMethod::callBoundMethod(Object(Illuminate\\Foundation\\Application), Array, Object(Closure))
#27 C:\\_VERTRIGO_247\\www\\AppForumRealTime\\vendor\\laravel\\framework\\src\\Illuminate\\Container\\Container.php(549): Illuminate\\Container\\BoundMethod::call(Object(Illuminate\\Foundation\\Application), Array, Array, NULL)
#28 C:\\_VERTRIGO_247\\www\\AppForumRealTime\\vendor\\laravel\\framework\\src\\Illuminate\\Console\\Command.php(180): Illuminate\\Container\\Container->call(Array)
#29 C:\\_VERTRIGO_247\\www\\AppForumRealTime\\vendor\\symfony\\console\\Command\\Command.php(240): Illuminate\\Console\\Command->execute(Object(Symfony\\Component\\Console\\Input\\ArgvInput), Object(Illuminate\\Console\\OutputStyle))
#30 C:\\_VERTRIGO_247\\www\\AppForumRealTime\\vendor\\laravel\\framework\\src\\Illuminate\\Console\\Command.php(167): Symfony\\Component\\Console\\Command\\Command->run(Object(Symfony\\Component\\Console\\Input\\ArgvInput), Object(Illuminate\\Console\\OutputStyle))
#31 C:\\_VERTRIGO_247\\www\\AppForumRealTime\\vendor\\symfony\\console\\Application.php(858): Illuminate\\Console\\Command->run(Object(Symfony\\Component\\Console\\Input\\ArgvInput), Object(Symfony\\Component\\Console\\Output\\ConsoleOutput))
#32 C:\\_VERTRIGO_247\\www\\AppForumRealTime\\vendor\\symfony\\console\\Application.php(216): Symfony\\Component\\Console\\Application->doRunCommand(Object(Illuminate\\Database\\Console\\Migrations\\RefreshCommand), Object(Symfony\\Component\\Console\\Input\\ArgvInput), Object(Symfony\\Component\\Console\\Output\\ConsoleOutput))
#33 C:\\_VERTRIGO_247\\www\\AppForumRealTime\\vendor\\symfony\\console\\Application.php(122): Symfony\\Component\\Console\\Application->doRun(Object(Symfony\\Component\\Console\\Input\\ArgvInput), Object(Symfony\\Component\\Console\\Output\\ConsoleOutput))
#34 C:\\_VERTRIGO_247\\www\\AppForumRealTime\\vendor\\laravel\\framework\\src\\Illuminate\\Console\\Application.php(88): Symfony\\Component\\Console\\Application->run(Object(Symfony\\Component\\Console\\Input\\ArgvInput), Object(Symfony\\Component\\Console\\Output\\ConsoleOutput))
#35 C:\\_VERTRIGO_247\\www\\AppForumRealTime\\vendor\\laravel\\framework\\src\\Illuminate\\Foundation\\Console\\Kernel.php(121): Illuminate\\Console\\Application->run(Object(Symfony\\Component\\Console\\Input\\ArgvInput), Object(Symfony\\Component\\Console\\Output\\ConsoleOutput))
#36 C:\\_VERTRIGO_247\\www\\AppForumRealTime\\artisan(37): Illuminate\\Foundation\\Console\\Kernel->handle(Object(Symfony\\Component\\Console\\Input\\ArgvInput), Object(Symfony\\Component\\Console\\Output\\ConsoleOutput))
#37 {main}
"} 
[2017-11-22 19:50:59] local.ERROR: SQLSTATE[42S01]: Base table or view already exists: 1050 Table 'replies' already exists (SQL: create table `replies` (`id` bigint unsigned not null auto_increment primary key, `body` text not null, `thread_id` bigint unsigned not null, `user_id` int unsigned not null, `created_at` timestamp null, `updated_at` timestamp null) default character set utf8mb4 collate utf8mb4_unicode_ci) {"exception":"[object] (Illuminate\\Database\\QueryException(code: 42S01): SQLSTATE[42S01]: Base table or view already exists: 1050 Table 'replies' already exists (SQL: create table `replies` (`id` bigint unsigned not null auto_increment primary key, `body` text not null, `thread_id` bigint unsigned not null, `user_id` int unsigned not null, `created_at` timestamp null, `updated_at` timestamp null) default character set utf8mb4 collate utf8mb4_unicode_ci) at C:\\_VERTRIGO_247\\www\\AppForumRealTime\\vendor\\laravel\\framework\\src\\Illuminate\\Database\\Connection.php:664, PDOException(code: 42S01): SQLSTATE[42S01]: Base table or view already exists: 1050 Table 'replies' already exists at C:\\_VERTRIGO_247\\www\\AppForumRealTime\\vendor\\laravel\\framework\\src\\Illuminate\\Database\\Connection.php:458)
[stacktrace]
#0 C:\\_VERTRIGO_247\\www\\AppForumRealTime\\vendor\\laravel\\framework\\src\\Illuminate\\Database\\Connection.php(624): Illuminate\\Database\\Connection->runQueryCallback('create table `r...', Array, Object(Closure))
#1 C:\\_VERTRIGO_247\\www\\AppForumRealTime\\vendor\\laravel\\framework\\src\\Illuminate\\Database\\Connection.php(459): Illuminate\\Database\\Connection->run('create table `r...', Array, Object(Closure))
#2 C:\\_VERTRIGO_247\\www\\AppForumRealTime\\vendor\\laravel\\framework\\src\\Illuminate\\Database\\Schema\\Blueprint.php(86): Illuminate\\Database\\Connection->statement('create table `r...')
#3 C:\\_VERTRIGO_247\\www\\AppForumRealTime\\vendor\\laravel\\framework\\src\\Illuminate\\Database\\Schema\\Builder.php(252): Illuminate\\Database\\Schema\\Blueprint->build(Object(Illuminate\\Database\\MySqlConnection), Object(Illuminate\\Database\\Schema\\Grammars\\MySqlGrammar))
#4 C:\\_VERTRIGO_247\\www\\AppForumRealTime\\vendor\\laravel\\framework\\src\\Illuminate\\Database\\Schema\\Builder.php(165): Illuminate\\Database\\Schema\\Builder->build(Object(Illuminate\\Database\\Schema\\Blueprint))
#5 C:\\_VERTRIGO_247\\www\\AppForumRealTime\\vendor\\laravel\\framework\\src\\Illuminate\\Support\\Facades\\Facade.php(221): Illuminate\\Database\\Schema\\Builder->create('replies', Object(Closure))
#6 C:\\_VERTRIGO_247\\www\\AppForumRealTime\\database\\migrations\\2017_11_22_193147_create_replies_table.php(24): Illuminate\\Support\\Facades\\Facade::__callStatic('create', Array)
#7 C:\\_VERTRIGO_247\\www\\AppForumRealTime\\vendor\\laravel\\framework\\src\\Illuminate\\Database\\Migrations\\Migrator.php(359): CreateRepliesTable->up()
#8 C:\\_VERTRIGO_247\\www\\AppForumRealTime\\vendor\\laravel\\framework\\src\\Illuminate\\Database\\Migrations\\Migrator.php(365): Illuminate\\Database\\Migrations\\Migrator->Illuminate\\Database\\Migrations\\{closure}()
#9 C:\\_VERTRIGO_247\\www\\AppForumRealTime\\vendor\\laravel\\framework\\src\\Illuminate\\Database\\Migrations\\Migrator.php(177): Illuminate\\Database\\Migrations\\Migrator->runMigration(Object(CreateRepliesTable), 'up')
#10 C:\\_VERTRIGO_247\\www\\AppForumRealTime\\vendor\\laravel\\framework\\src\\Illuminate\\Database\\Migrations\\Migrator.php(146): Illuminate\\Database\\Migrations\\Migrator->runUp('C:\\\\_VERTRIGO_24...', 1, false)
#11 C:\\_VERTRIGO_247\\www\\AppForumRealTime\\vendor\\laravel\\framework\\src\\Illuminate\\Database\\Migrations\\Migrator.php(95): Illuminate\\Database\\Migrations\\Migrator->runPending(Array, Array)
#12 C:\\_VERTRIGO_247\\www\\AppForumRealTime\\vendor\\laravel\\framework\\src\\Illuminate\\Database\\Console\\Migrations\\MigrateCommand.php(69): Illuminate\\Database\\Migrations\\Migrator->run(Array, Array)
#13 [internal function]: Illuminate\\Database\\Console\\Migrations\\MigrateCommand->handle()
#14 C:\\_VERTRIGO_247\\www\\AppForumRealTime\\vendor\\laravel\\framework\\src\\Illuminate\\Container\\BoundMethod.php(29): call_user_func_array(Array, Array)
#15 C:\\_VERTRIGO_247\\www\\AppForumRealTime\\vendor\\laravel\\framework\\src\\Illuminate\\Container\\BoundMethod.php(87): Illuminate\\Container\\BoundMethod::Illuminate\\Container\\{closure}()
#16 C:\\_VERTRIGO_247\\www\\AppForumRealTime\\vendor\\laravel\\framework\\src\\Illuminate\\Container\\BoundMethod.php(31): Illuminate\\Container\\BoundMethod::callBoundMethod(Object(Illuminate\\Foundation\\Application), Array, Object(Closure))
#17 C:\\_VERTRIGO_247\\www\\AppForumRealTime\\vendor\\laravel\\framework\\src\\Illuminate\\Container\\Container.php(549): Illuminate\\Container\\BoundMethod::call(Object(Illuminate\\Foundation\\Application), Array, Array, NULL)
#18 C:\\_VERTRIGO_247\\www\\AppForumRealTime\\vendor\\laravel\\framework\\src\\Illuminate\\Console\\Command.php(180): Illuminate\\Container\\Container->call(Array)
#19 C:\\_VERTRIGO_247\\www\\AppForumRealTime\\vendor\\symfony\\console\\Command\\Command.php(240): Illuminate\\Console\\Command->execute(Object(Symfony\\Component\\Console\\Input\\ArrayInput), Object(Illuminate\\Console\\OutputStyle))
#20 C:\\_VERTRIGO_247\\www\\AppForumRealTime\\vendor\\laravel\\framework\\src\\Illuminate\\Console\\Command.php(167): Symfony\\Component\\Console\\Command\\Command->run(Object(Symfony\\Component\\Console\\Input\\ArrayInput), Object(Illuminate\\Console\\OutputStyle))
#21 C:\\_VERTRIGO_247\\www\\AppForumRealTime\\vendor\\laravel\\framework\\src\\Illuminate\\Console\\Command.php(195): Illuminate\\Console\\Command->run(Object(Symfony\\Component\\Console\\Input\\ArrayInput), Object(Illuminate\\Console\\OutputStyle))
#22 C:\\_VERTRIGO_247\\www\\AppForumRealTime\\vendor\\laravel\\framework\\src\\Illuminate\\Database\\Console\\Migrations\\RefreshCommand.php(64): Illuminate\\Console\\Command->call('migrate', Array)
#23 [internal function]: Illuminate\\Database\\Console\\Migrations\\RefreshCommand->handle()
#24 C:\\_VERTRIGO_247\\www\\AppForumRealTime\\vendor\\laravel\\framework\\src\\Illuminate\\Container\\BoundMethod.php(29): call_user_func_array(Array, Array)
#25 C:\\_VERTRIGO_247\\www\\AppForumRealTime\\vendor\\laravel\\framework\\src\\Illuminate\\Container\\BoundMethod.php(87): Illuminate\\Container\\BoundMethod::Illuminate\\Container\\{closure}()
#26 C:\\_VERTRIGO_247\\www\\AppForumRealTime\\vendor\\laravel\\framework\\src\\Illuminate\\Container\\BoundMethod.php(31): Illuminate\\Container\\BoundMethod::callBoundMethod(Object(Illuminate\\Foundation\\Application), Array, Object(Closure))
#27 C:\\_VERTRIGO_247\\www\\AppForumRealTime\\vendor\\laravel\\framework\\src\\Illuminate\\Container\\Container.php(549): Illuminate\\Container\\BoundMethod::call(Object(Illuminate\\Foundation\\Application), Array, Array, NULL)
#28 C:\\_VERTRIGO_247\\www\\AppForumRealTime\\vendor\\laravel\\framework\\src\\Illuminate\\Console\\Command.php(180): Illuminate\\Container\\Container->call(Array)
#29 C:\\_VERTRIGO_247\\www\\AppForumRealTime\\vendor\\symfony\\console\\Command\\Command.php(240): Illuminate\\Console\\Command->execute(Object(Symfony\\Component\\Console\\Input\\ArgvInput), Object(Illuminate\\Console\\OutputStyle))
#30 C:\\_VERTRIGO_247\\www\\AppForumRealTime\\vendor\\laravel\\framework\\src\\Illuminate\\Console\\Command.php(167): Symfony\\Component\\Console\\Command\\Command->run(Object(Symfony\\Component\\Console\\Input\\ArgvInput), Object(Illuminate\\Console\\OutputStyle))
#31 C:\\_VERTRIGO_247\\www\\AppForumRealTime\\vendor\\symfony\\console\\Application.php(858): Illuminate\\Console\\Command->run(Object(Symfony\\Component\\Console\\Input\\ArgvInput), Object(Symfony\\Component\\Console\\Output\\ConsoleOutput))
#32 C:\\_VERTRIGO_247\\www\\AppForumRealTime\\vendor\\symfony\\console\\Application.php(216): Symfony\\Component\\Console\\Application->doRunCommand(Object(Illuminate\\Database\\Console\\Migrations\\RefreshCommand), Object(Symfony\\Component\\Console\\Input\\ArgvInput), Object(Symfony\\Component\\Console\\Output\\ConsoleOutput))
#33 C:\\_VERTRIGO_247\\www\\AppForumRealTime\\vendor\\symfony\\console\\Application.php(122): Symfony\\Component\\Console\\Application->doRun(Object(Symfony\\Component\\Console\\Input\\ArgvInput), Object(Symfony\\Component\\Console\\Output\\ConsoleOutput))
#34 C:\\_VERTRIGO_247\\www\\AppForumRealTime\\vendor\\laravel\\framework\\src\\Illuminate\\Console\\Application.php(88): Symfony\\Component\\Console\\Application->run(Object(Symfony\\Component\\Console\\Input\\ArgvInput), Object(Symfony\\Component\\Console\\Output\\ConsoleOutput))
#35 C:\\_VERTRIGO_247\\www\\AppForumRealTime\\vendor\\laravel\\framework\\src\\Illuminate\\Foundation\\Console\\Kernel.php(121): Illuminate\\Console\\Application->run(Object(Symfony\\Component\\Console\\Input\\ArgvInput), Object(Symfony\\Component\\Console\\Output\\ConsoleOutput))
#36 C:\\_VERTRIGO_247\\www\\AppForumRealTime\\artisan(37): Illuminate\\Foundation\\Console\\Kernel->handle(Object(Symfony\\Component\\Console\\Input\\ArgvInput), Object(Symfony\\Component\\Console\\Output\\ConsoleOutput))
#37 {main}
"} 
[2017-11-23 11:23:30] local.ERROR: Unknown formatter "sentense" {"exception":"[object] (InvalidArgumentException(code: 0): Unknown formatter \"sentense\" at C:\\_VERTRIGO_247\\www\\AppForumRealTime\\vendor\\fzaninotto\\faker\\src\\Faker\\Generator.php:242)
[stacktrace]
#0 C:\\_VERTRIGO_247\\www\\AppForumRealTime\\vendor\\fzaninotto\\faker\\src\\Faker\\Generator.php(222): Faker\\Generator->getFormatter('sentense')
#1 C:\\_VERTRIGO_247\\www\\AppForumRealTime\\vendor\\fzaninotto\\faker\\src\\Faker\\Generator.php(268): Faker\\Generator->format('sentense')
#2 C:\\_VERTRIGO_247\\www\\AppForumRealTime\\database\\factories\\UserFactory.php(29): Faker\\Generator->__get('sentense')
#3 [internal function]: Illuminate\\Database\\Eloquent\\Factory->{closure}(Object(Faker\\Generator), Array)
#4 C:\\_VERTRIGO_247\\www\\AppForumRealTime\\vendor\\laravel\\framework\\src\\Illuminate\\Database\\Eloquent\\FactoryBuilder.php(228): call_user_func(Object(Closure), Object(Faker\\Generator), Array)
#5 C:\\_VERTRIGO_247\\www\\AppForumRealTime\\vendor\\laravel\\framework\\src\\Illuminate\\Database\\Eloquent\\FactoryBuilder.php(252): Illuminate\\Database\\Eloquent\\FactoryBuilder->getRawAttributes(Array)
#6 C:\\_VERTRIGO_247\\www\\AppForumRealTime\\vendor\\laravel\\framework\\src\\Illuminate\\Database\\Eloquent\\Concerns\\GuardsAttributes.php(116): Illuminate\\Database\\Eloquent\\FactoryBuilder->Illuminate\\Database\\Eloquent\\{closure}()
#7 C:\\_VERTRIGO_247\\www\\AppForumRealTime\\vendor\\laravel\\framework\\src\\Illuminate\\Database\\Eloquent\\FactoryBuilder.php(260): Illuminate\\Database\\Eloquent\\Model::unguarded(Object(Closure))
#8 C:\\_VERTRIGO_247\\www\\AppForumRealTime\\vendor\\laravel\\framework\\src\\Illuminate\\Database\\Eloquent\\FactoryBuilder.php(193): Illuminate\\Database\\Eloquent\\FactoryBuilder->makeInstance(Array)
#9 [internal function]: Illuminate\\Database\\Eloquent\\FactoryBuilder->Illuminate\\Database\\Eloquent\\{closure}(1)
#10 C:\\_VERTRIGO_247\\www\\AppForumRealTime\\vendor\\laravel\\framework\\src\\Illuminate\\Database\\Eloquent\\FactoryBuilder.php(194): array_map(Object(Closure), Array)
#11 C:\\_VERTRIGO_247\\www\\AppForumRealTime\\vendor\\laravel\\framework\\src\\Illuminate\\Database\\Eloquent\\FactoryBuilder.php(148): Illuminate\\Database\\Eloquent\\FactoryBuilder->make(Array)
#12 C:\\_VERTRIGO_247\\www\\AppForumRealTime\\database\\seeds\\RepliesTableSeeder.php(14): Illuminate\\Database\\Eloquent\\FactoryBuilder->create()
#13 [internal function]: RepliesTableSeeder->run()
#14 C:\\_VERTRIGO_247\\www\\AppForumRealTime\\vendor\\laravel\\framework\\src\\Illuminate\\Container\\BoundMethod.php(29): call_user_func_array(Array, Array)
#15 C:\\_VERTRIGO_247\\www\\AppForumRealTime\\vendor\\laravel\\framework\\src\\Illuminate\\Container\\BoundMethod.php(87): Illuminate\\Container\\BoundMethod::Illuminate\\Container\\{closure}()
#16 C:\\_VERTRIGO_247\\www\\AppForumRealTime\\vendor\\laravel\\framework\\src\\Illuminate\\Container\\BoundMethod.php(31): Illuminate\\Container\\BoundMethod::callBoundMethod(Object(Illuminate\\Foundation\\Application), Array, Object(Closure))
#17 C:\\_VERTRIGO_247\\www\\AppForumRealTime\\vendor\\laravel\\framework\\src\\Illuminate\\Container\\Container.php(549): Illuminate\\Container\\BoundMethod::call(Object(Illuminate\\Foundation\\Application), Array, Array, NULL)
#18 C:\\_VERTRIGO_247\\www\\AppForumRealTime\\vendor\\laravel\\framework\\src\\Illuminate\\Database\\Seeder.php(120): Illuminate\\Container\\Container->call(Array)
#19 C:\\_VERTRIGO_247\\www\\AppForumRealTime\\vendor\\laravel\\framework\\src\\Illuminate\\Database\\Seeder.php(42): Illuminate\\Database\\Seeder->__invoke()
#20 C:\\_VERTRIGO_247\\www\\AppForumRealTime\\database\\seeds\\DatabaseSeeder.php(15): Illuminate\\Database\\Seeder->call('RepliesTableSee...')
#21 [internal function]: DatabaseSeeder->run()
#22 C:\\_VERTRIGO_247\\www\\AppForumRealTime\\vendor\\laravel\\framework\\src\\Illuminate\\Container\\BoundMethod.php(29): call_user_func_array(Array, Array)
#23 C:\\_VERTRIGO_247\\www\\AppForumRealTime\\vendor\\laravel\\framework\\src\\Illuminate\\Container\\BoundMethod.php(87): Illuminate\\Container\\BoundMethod::Illuminate\\Container\\{closure}()
#24 C:\\_VERTRIGO_247\\www\\AppForumRealTime\\vendor\\laravel\\framework\\src\\Illuminate\\Container\\BoundMethod.php(31): Illuminate\\Container\\BoundMethod::callBoundMethod(Object(Illuminate\\Foundation\\Application), Array, Object(Closure))
#25 C:\\_VERTRIGO_247\\www\\AppForumRealTime\\vendor\\laravel\\framework\\src\\Illuminate\\Container\\Container.php(549): Illuminate\\Container\\BoundMethod::call(Object(Illuminate\\Foundation\\Application), Array, Array, NULL)
#26 C:\\_VERTRIGO_247\\www\\AppForumRealTime\\vendor\\laravel\\framework\\src\\Illuminate\\Database\\Seeder.php(120): Illuminate\\Container\\Container->call(Array)
#27 C:\\_VERTRIGO_247\\www\\AppForumRealTime\\vendor\\laravel\\framework\\src\\Illuminate\\Database\\Console\\Seeds\\SeedCommand.php(63): Illuminate\\Database\\Seeder->__invoke()
#28 C:\\_VERTRIGO_247\\www\\AppForumRealTime\\vendor\\laravel\\framework\\src\\Illuminate\\Database\\Eloquent\\Concerns\\GuardsAttributes.php(122): Illuminate\\Database\\Console\\Seeds\\SeedCommand->Illuminate\\Database\\Console\\Seeds\\{closure}()
#29 C:\\_VERTRIGO_247\\www\\AppForumRealTime\\vendor\\laravel\\framework\\src\\Illuminate\\Database\\Console\\Seeds\\SeedCommand.php(64): Illuminate\\Database\\Eloquent\\Model::unguarded(Object(Closure))
#30 [internal function]: Illuminate\\Database\\Console\\Seeds\\SeedCommand->handle()
#31 C:\\_VERTRIGO_247\\www\\AppForumRealTime\\vendor\\laravel\\framework\\src\\Illuminate\\Container\\BoundMethod.php(29): call_user_func_array(Array, Array)
#32 C:\\_VERTRIGO_247\\www\\AppForumRealTime\\vendor\\laravel\\framework\\src\\Illuminate\\Container\\BoundMethod.php(87): Illuminate\\Container\\BoundMethod::Illuminate\\Container\\{closure}()
#33 C:\\_VERTRIGO_247\\www\\AppForumRealTime\\vendor\\laravel\\framework\\src\\Illuminate\\Container\\BoundMethod.php(31): Illuminate\\Container\\BoundMethod::callBoundMethod(Object(Illuminate\\Foundation\\Application), Array, Object(Closure))
#34 C:\\_VERTRIGO_247\\www\\AppForumRealTime\\vendor\\laravel\\framework\\src\\Illuminate\\Container\\Container.php(549): Illuminate\\Container\\BoundMethod::call(Object(Illuminate\\Foundation\\Application), Array, Array, NULL)
#35 C:\\_VERTRIGO_247\\www\\AppForumRealTime\\vendor\\laravel\\framework\\src\\Illuminate\\Console\\Command.php(180): Illuminate\\Container\\Container->call(Array)
#36 C:\\_VERTRIGO_247\\www\\AppForumRealTime\\vendor\\symfony\\console\\Command\\Command.php(240): Illuminate\\Console\\Command->execute(Object(Symfony\\Component\\Console\\Input\\ArrayInput), Object(Illuminate\\Console\\OutputStyle))
#37 C:\\_VERTRIGO_247\\www\\AppForumRealTime\\vendor\\laravel\\framework\\src\\Illuminate\\Console\\Command.php(167): Symfony\\Component\\Console\\Command\\Command->run(Object(Symfony\\Component\\Console\\Input\\ArrayInput), Object(Illuminate\\Console\\OutputStyle))
#38 C:\\_VERTRIGO_247\\www\\AppForumRealTime\\vendor\\laravel\\framework\\src\\Illuminate\\Console\\Command.php(195): Illuminate\\Console\\Command->run(Object(Symfony\\Component\\Console\\Input\\ArrayInput), Object(Illuminate\\Console\\OutputStyle))
#39 C:\\_VERTRIGO_247\\www\\AppForumRealTime\\vendor\\laravel\\framework\\src\\Illuminate\\Database\\Console\\Migrations\\RefreshCommand.php(129): Illuminate\\Console\\Command->call('db:seed', Array)
#40 C:\\_VERTRIGO_247\\www\\AppForumRealTime\\vendor\\laravel\\framework\\src\\Illuminate\\Database\\Console\\Migrations\\RefreshCommand.php(68): Illuminate\\Database\\Console\\Migrations\\RefreshCommand->runSeeder(NULL)
#41 [internal function]: Illuminate\\Database\\Console\\Migrations\\RefreshCommand->handle()
#42 C:\\_VERTRIGO_247\\www\\AppForumRealTime\\vendor\\laravel\\framework\\src\\Illuminate\\Container\\BoundMethod.php(29): call_user_func_array(Array, Array)
#43 C:\\_VERTRIGO_247\\www\\AppForumRealTime\\vendor\\laravel\\framework\\src\\Illuminate\\Container\\BoundMethod.php(87): Illuminate\\Container\\BoundMethod::Illuminate\\Container\\{closure}()
#44 C:\\_VERTRIGO_247\\www\\AppForumRealTime\\vendor\\laravel\\framework\\src\\Illuminate\\Container\\BoundMethod.php(31): Illuminate\\Container\\BoundMethod::callBoundMethod(Object(Illuminate\\Foundation\\Application), Array, Object(Closure))
#45 C:\\_VERTRIGO_247\\www\\AppForumRealTime\\vendor\\laravel\\framework\\src\\Illuminate\\Container\\Container.php(549): Illuminate\\Container\\BoundMethod::call(Object(Illuminate\\Foundation\\Application), Array, Array, NULL)
#46 C:\\_VERTRIGO_247\\www\\AppForumRealTime\\vendor\\laravel\\framework\\src\\Illuminate\\Console\\Command.php(180): Illuminate\\Container\\Container->call(Array)
#47 C:\\_VERTRIGO_247\\www\\AppForumRealTime\\vendor\\symfony\\console\\Command\\Command.php(240): Illuminate\\Console\\Command->execute(Object(Symfony\\Component\\Console\\Input\\ArgvInput), Object(Illuminate\\Console\\OutputStyle))
#48 C:\\_VERTRIGO_247\\www\\AppForumRealTime\\vendor\\laravel\\framework\\src\\Illuminate\\Console\\Command.php(167): Symfony\\Component\\Console\\Command\\Command->run(Object(Symfony\\Component\\Console\\Input\\ArgvInput), Object(Illuminate\\Console\\OutputStyle))
#49 C:\\_VERTRIGO_247\\www\\AppForumRealTime\\vendor\\symfony\\console\\Application.php(858): Illuminate\\Console\\Command->run(Object(Symfony\\Component\\Console\\Input\\ArgvInput), Object(Symfony\\Component\\Console\\Output\\ConsoleOutput))
#50 C:\\_VERTRIGO_247\\www\\AppForumRealTime\\vendor\\symfony\\console\\Application.php(216): Symfony\\Component\\Console\\Application->doRunCommand(Object(Illuminate\\Database\\Console\\Migrations\\RefreshCommand), Object(Symfony\\Component\\Console\\Input\\ArgvInput), Object(Symfony\\Component\\Console\\Output\\ConsoleOutput))
#51 C:\\_VERTRIGO_247\\www\\AppForumRealTime\\vendor\\symfony\\console\\Application.php(122): Symfony\\Component\\Console\\Application->doRun(Object(Symfony\\Component\\Console\\Input\\ArgvInput), Object(Symfony\\Component\\Console\\Output\\ConsoleOutput))
#52 C:\\_VERTRIGO_247\\www\\AppForumRealTime\\vendor\\laravel\\framework\\src\\Illuminate\\Console\\Application.php(88): Symfony\\Component\\Console\\Application->run(Object(Symfony\\Component\\Console\\Input\\ArgvInput), Object(Symfony\\Component\\Console\\Output\\ConsoleOutput))
#53 C:\\_VERTRIGO_247\\www\\AppForumRealTime\\vendor\\laravel\\framework\\src\\Illuminate\\Foundation\\Console\\Kernel.php(121): Illuminate\\Console\\Application->run(Object(Symfony\\Component\\Console\\Input\\ArgvInput), Object(Symfony\\Component\\Console\\Output\\ConsoleOutput))
#54 C:\\_VERTRIGO_247\\www\\AppForumRealTime\\artisan(37): Illuminate\\Foundation\\Console\\Kernel->handle(Object(Symfony\\Component\\Console\\Input\\ArgvInput), Object(Symfony\\Component\\Console\\Output\\ConsoleOutput))
#55 {main}
"} 
